<?xml version="1.0" encoding="UTF-8"?>
<!-- Generated by org.testng.reporters.JUnitReportReporter -->
<testsuite hostname="ULTP813" failures="0" tests="3" name="com.Test.Notepad" time="12.018" errors="0" timestamp="2023-01-13T15:46:45 IST" skipped="0">
  <testcase classname="com.Test.Notepad" name="checkHelpAboutNowTest" time="1.478"/>
  <system-out/>
  <testcase classname="com.Test.Notepad" name="sendTextTest" time="9.454"/>
  <system-out/>
  <testcase classname="com.Test.Notepad" name="EnterDateTimeTest" time="1.086"/>
  <system-out/>
</testsuite> <!-- com.Test.Notepad -->
