<?xml version="1.0" encoding="UTF-8" ?>
<testsuite tests="12" failures="1" name="TestSuite" time="0.793" errors="0" skipped="11">
  <properties>
    <property name="java.runtime.name" value="Java(TM) SE Runtime Environment"/>
    <property name="java.vm.version" value="17.0.4.1+1-LTS-2"/>
    <property name="sun.boot.library.path" value="C:\Program Files\Java\jdk-17.0.4.1\bin"/>
    <property name="java.vm.vendor" value="Oracle Corporation"/>
    <property name="java.vendor.url" value="https://java.oracle.com/"/>
    <property name="path.separator" value=";"/>
    <property name="java.vm.name" value="Java HotSpot(TM) 64-Bit Server VM"/>
    <property name="sun.os.patch.level" value=""/>
    <property name="user.script" value=""/>
    <property name="user.country" value="US"/>
    <property name="sun.java.launcher" value="SUN_STANDARD"/>
    <property name="java.vm.specification.name" value="Java Virtual Machine Specification"/>
    <property name="user.dir" value="C:\Users\rajashrees\eclipse-workspace\WinAppDriver"/>
    <property name="java.vm.compressedOopsMode" value="Zero based"/>
    <property name="java.runtime.version" value="17.0.4.1+1-LTS-2"/>
    <property name="basedir" value="C:\Users\rajashrees\eclipse-workspace\WinAppDriver"/>
    <property name="os.arch" value="amd64"/>
    <property name="surefire.real.class.path" value="C:\Users\RAJASH~1\AppData\Local\Temp\surefirebooter14123102509397042485.jar"/>
    <property name="java.io.tmpdir" value="C:\Users\RAJASH~1\AppData\Local\Temp\"/>
    <property name="line.separator" value="
"/>
    <property name="java.vm.specification.vendor" value="Oracle Corporation"/>
    <property name="user.variant" value=""/>
    <property name="os.name" value="Windows 10"/>
    <property name="sun.jnu.encoding" value="Cp1252"/>
    <property name="java.library.path" value="C:\Program Files\Java\jdk-17.0.4.1\bin;C:\Windows\Sun\Java\bin;C:\Windows\system32;C:\Windows;C:\Program Files\Common Files\Oracle\Java\javapath;C:\Program Files\MySQL\MySQL Server 8.0\bin;C:\Program Files\dotnet\;C:\Program Files\nodejs\;C:\Windows\System32;C:\Program Files\Docker\Docker\resources\bin;C:\Program Files (x86)\Windows Kits\10\Windows Performance Toolkit\;C:\Program Files\Java\jdk-19\bin;C:\Users\rajashrees\Downloads\apache-maven-3.8.6-bin\apache-maven-3.8.6\bin;C:\Users\rajashrees\AppData\Local\Programs\Python\Python311\Scripts\;C:\Users\rajashrees\AppData\Local\Programs\Python\Python311\;C:\Users\rajashrees\AppData\Local\Programs\Python\Python36\Scripts\;C:\Users\rajashrees\AppData\Local\Programs\Python\Python36\;C:\Program Files\MySQL\MySQL Shell 8.0\bin\;C:\Users\rajashrees\AppData\Local\Microsoft\WindowsApps;C:\Users\rajashrees\AppData\Local\Programs\Microsoft VS Code\bin;C:\Users\rajashrees\AppData\Roaming\nvm;C:\Program Files\nodejs;C:\Users\rajashrees\AppData\Roaming\npm;C:\Program Files\nodejs;;."/>
    <property name="surefire.test.class.path" value="C:\Users\rajashrees\eclipse-workspace\WinAppDriver\target\test-classes;C:\Users\rajashrees\eclipse-workspace\WinAppDriver\target\classes;C:\Users\rajashrees\.m2\repository\org\seleniumhq\selenium\selenium-java\3.141.59\selenium-java-3.141.59.jar;C:\Users\rajashrees\.m2\repository\org\seleniumhq\selenium\selenium-api\3.141.59\selenium-api-3.141.59.jar;C:\Users\rajashrees\.m2\repository\org\seleniumhq\selenium\selenium-chrome-driver\3.141.59\selenium-chrome-driver-3.141.59.jar;C:\Users\rajashrees\.m2\repository\org\seleniumhq\selenium\selenium-edge-driver\3.141.59\selenium-edge-driver-3.141.59.jar;C:\Users\rajashrees\.m2\repository\org\seleniumhq\selenium\selenium-firefox-driver\3.141.59\selenium-firefox-driver-3.141.59.jar;C:\Users\rajashrees\.m2\repository\org\seleniumhq\selenium\selenium-ie-driver\3.141.59\selenium-ie-driver-3.141.59.jar;C:\Users\rajashrees\.m2\repository\org\seleniumhq\selenium\selenium-opera-driver\3.141.59\selenium-opera-driver-3.141.59.jar;C:\Users\rajashrees\.m2\repository\org\seleniumhq\selenium\selenium-remote-driver\3.141.59\selenium-remote-driver-3.141.59.jar;C:\Users\rajashrees\.m2\repository\org\seleniumhq\selenium\selenium-safari-driver\3.141.59\selenium-safari-driver-3.141.59.jar;C:\Users\rajashrees\.m2\repository\org\seleniumhq\selenium\selenium-support\3.141.59\selenium-support-3.141.59.jar;C:\Users\rajashrees\.m2\repository\net\bytebuddy\byte-buddy\1.8.15\byte-buddy-1.8.15.jar;C:\Users\rajashrees\.m2\repository\org\apache\commons\commons-exec\1.3\commons-exec-1.3.jar;C:\Users\rajashrees\.m2\repository\com\google\guava\guava\25.0-jre\guava-25.0-jre.jar;C:\Users\rajashrees\.m2\repository\com\google\code\findbugs\jsr305\1.3.9\jsr305-1.3.9.jar;C:\Users\rajashrees\.m2\repository\org\checkerframework\checker-compat-qual\2.0.0\checker-compat-qual-2.0.0.jar;C:\Users\rajashrees\.m2\repository\com\google\errorprone\error_prone_annotations\2.1.3\error_prone_annotations-2.1.3.jar;C:\Users\rajashrees\.m2\repository\com\google\j2objc\j2objc-annotations\1.1\j2objc-annotations-1.1.jar;C:\Users\rajashrees\.m2\repository\org\codehaus\mojo\animal-sniffer-annotations\1.14\animal-sniffer-annotations-1.14.jar;C:\Users\rajashrees\.m2\repository\com\squareup\okhttp3\okhttp\3.11.0\okhttp-3.11.0.jar;C:\Users\rajashrees\.m2\repository\com\squareup\okio\okio\1.14.0\okio-1.14.0.jar;C:\Users\rajashrees\.m2\repository\org\testng\testng\7.1.0\testng-7.1.0.jar;C:\Users\rajashrees\.m2\repository\com\beust\jcommander\1.72\jcommander-1.72.jar;C:\Users\rajashrees\.m2\repository\com\google\inject\guice\4.1.0\guice-4.1.0-no_aop.jar;C:\Users\rajashrees\.m2\repository\javax\inject\javax.inject\1\javax.inject-1.jar;C:\Users\rajashrees\.m2\repository\aopalliance\aopalliance\1.0\aopalliance-1.0.jar;C:\Users\rajashrees\.m2\repository\org\yaml\snakeyaml\1.21\snakeyaml-1.21.jar;C:\Users\rajashrees\.m2\repository\io\appium\java-client\7.3.0\java-client-7.3.0.jar;C:\Users\rajashrees\.m2\repository\com\google\code\gson\gson\2.8.5\gson-2.8.5.jar;C:\Users\rajashrees\.m2\repository\org\apache\httpcomponents\httpclient\4.5.9\httpclient-4.5.9.jar;C:\Users\rajashrees\.m2\repository\org\apache\httpcomponents\httpcore\4.4.11\httpcore-4.4.11.jar;C:\Users\rajashrees\.m2\repository\commons-logging\commons-logging\1.2\commons-logging-1.2.jar;C:\Users\rajashrees\.m2\repository\commons-codec\commons-codec\1.11\commons-codec-1.11.jar;C:\Users\rajashrees\.m2\repository\cglib\cglib\3.2.12\cglib-3.2.12.jar;C:\Users\rajashrees\.m2\repository\org\ow2\asm\asm\7.1\asm-7.1.jar;C:\Users\rajashrees\.m2\repository\commons-validator\commons-validator\1.6\commons-validator-1.6.jar;C:\Users\rajashrees\.m2\repository\commons-beanutils\commons-beanutils\1.9.2\commons-beanutils-1.9.2.jar;C:\Users\rajashrees\.m2\repository\commons-digester\commons-digester\1.8.1\commons-digester-1.8.1.jar;C:\Users\rajashrees\.m2\repository\commons-collections\commons-collections\3.2.2\commons-collections-3.2.2.jar;C:\Users\rajashrees\.m2\repository\org\apache\commons\commons-lang3\3.9\commons-lang3-3.9.jar;C:\Users\rajashrees\.m2\repository\commons-io\commons-io\2.6\commons-io-2.6.jar;C:\Users\rajashrees\.m2\repository\org\springframework\spring-context\5.1.8.RELEASE\spring-context-5.1.8.RELEASE.jar;C:\Users\rajashrees\.m2\repository\org\springframework\spring-aop\5.1.8.RELEASE\spring-aop-5.1.8.RELEASE.jar;C:\Users\rajashrees\.m2\repository\org\springframework\spring-beans\5.1.8.RELEASE\spring-beans-5.1.8.RELEASE.jar;C:\Users\rajashrees\.m2\repository\org\springframework\spring-core\5.1.8.RELEASE\spring-core-5.1.8.RELEASE.jar;C:\Users\rajashrees\.m2\repository\org\springframework\spring-jcl\5.1.8.RELEASE\spring-jcl-5.1.8.RELEASE.jar;C:\Users\rajashrees\.m2\repository\org\springframework\spring-expression\5.1.8.RELEASE\spring-expression-5.1.8.RELEASE.jar;C:\Users\rajashrees\.m2\repository\org\aspectj\aspectjweaver\1.9.4\aspectjweaver-1.9.4.jar;C:\Users\rajashrees\.m2\repository\org\slf4j\slf4j-api\1.7.26\slf4j-api-1.7.26.jar;"/>
    <property name="jdk.debug" value="release"/>
    <property name="java.class.version" value="61.0"/>
    <property name="java.specification.name" value="Java Platform API Specification"/>
    <property name="sun.management.compiler" value="HotSpot 64-Bit Tiered Compilers"/>
    <property name="os.version" value="10.0"/>
    <property name="user.home" value="C:\Users\rajashrees"/>
    <property name="user.timezone" value="Asia/Calcutta"/>
    <property name="file.encoding" value="Cp1252"/>
    <property name="java.specification.version" value="17"/>
    <property name="user.name" value="rajashrees"/>
    <property name="java.class.path" value="C:\Users\rajashrees\eclipse-workspace\WinAppDriver\target\test-classes;C:\Users\rajashrees\eclipse-workspace\WinAppDriver\target\classes;C:\Users\rajashrees\.m2\repository\org\seleniumhq\selenium\selenium-java\3.141.59\selenium-java-3.141.59.jar;C:\Users\rajashrees\.m2\repository\org\seleniumhq\selenium\selenium-api\3.141.59\selenium-api-3.141.59.jar;C:\Users\rajashrees\.m2\repository\org\seleniumhq\selenium\selenium-chrome-driver\3.141.59\selenium-chrome-driver-3.141.59.jar;C:\Users\rajashrees\.m2\repository\org\seleniumhq\selenium\selenium-edge-driver\3.141.59\selenium-edge-driver-3.141.59.jar;C:\Users\rajashrees\.m2\repository\org\seleniumhq\selenium\selenium-firefox-driver\3.141.59\selenium-firefox-driver-3.141.59.jar;C:\Users\rajashrees\.m2\repository\org\seleniumhq\selenium\selenium-ie-driver\3.141.59\selenium-ie-driver-3.141.59.jar;C:\Users\rajashrees\.m2\repository\org\seleniumhq\selenium\selenium-opera-driver\3.141.59\selenium-opera-driver-3.141.59.jar;C:\Users\rajashrees\.m2\repository\org\seleniumhq\selenium\selenium-remote-driver\3.141.59\selenium-remote-driver-3.141.59.jar;C:\Users\rajashrees\.m2\repository\org\seleniumhq\selenium\selenium-safari-driver\3.141.59\selenium-safari-driver-3.141.59.jar;C:\Users\rajashrees\.m2\repository\org\seleniumhq\selenium\selenium-support\3.141.59\selenium-support-3.141.59.jar;C:\Users\rajashrees\.m2\repository\net\bytebuddy\byte-buddy\1.8.15\byte-buddy-1.8.15.jar;C:\Users\rajashrees\.m2\repository\org\apache\commons\commons-exec\1.3\commons-exec-1.3.jar;C:\Users\rajashrees\.m2\repository\com\google\guava\guava\25.0-jre\guava-25.0-jre.jar;C:\Users\rajashrees\.m2\repository\com\google\code\findbugs\jsr305\1.3.9\jsr305-1.3.9.jar;C:\Users\rajashrees\.m2\repository\org\checkerframework\checker-compat-qual\2.0.0\checker-compat-qual-2.0.0.jar;C:\Users\rajashrees\.m2\repository\com\google\errorprone\error_prone_annotations\2.1.3\error_prone_annotations-2.1.3.jar;C:\Users\rajashrees\.m2\repository\com\google\j2objc\j2objc-annotations\1.1\j2objc-annotations-1.1.jar;C:\Users\rajashrees\.m2\repository\org\codehaus\mojo\animal-sniffer-annotations\1.14\animal-sniffer-annotations-1.14.jar;C:\Users\rajashrees\.m2\repository\com\squareup\okhttp3\okhttp\3.11.0\okhttp-3.11.0.jar;C:\Users\rajashrees\.m2\repository\com\squareup\okio\okio\1.14.0\okio-1.14.0.jar;C:\Users\rajashrees\.m2\repository\org\testng\testng\7.1.0\testng-7.1.0.jar;C:\Users\rajashrees\.m2\repository\com\beust\jcommander\1.72\jcommander-1.72.jar;C:\Users\rajashrees\.m2\repository\com\google\inject\guice\4.1.0\guice-4.1.0-no_aop.jar;C:\Users\rajashrees\.m2\repository\javax\inject\javax.inject\1\javax.inject-1.jar;C:\Users\rajashrees\.m2\repository\aopalliance\aopalliance\1.0\aopalliance-1.0.jar;C:\Users\rajashrees\.m2\repository\org\yaml\snakeyaml\1.21\snakeyaml-1.21.jar;C:\Users\rajashrees\.m2\repository\io\appium\java-client\7.3.0\java-client-7.3.0.jar;C:\Users\rajashrees\.m2\repository\com\google\code\gson\gson\2.8.5\gson-2.8.5.jar;C:\Users\rajashrees\.m2\repository\org\apache\httpcomponents\httpclient\4.5.9\httpclient-4.5.9.jar;C:\Users\rajashrees\.m2\repository\org\apache\httpcomponents\httpcore\4.4.11\httpcore-4.4.11.jar;C:\Users\rajashrees\.m2\repository\commons-logging\commons-logging\1.2\commons-logging-1.2.jar;C:\Users\rajashrees\.m2\repository\commons-codec\commons-codec\1.11\commons-codec-1.11.jar;C:\Users\rajashrees\.m2\repository\cglib\cglib\3.2.12\cglib-3.2.12.jar;C:\Users\rajashrees\.m2\repository\org\ow2\asm\asm\7.1\asm-7.1.jar;C:\Users\rajashrees\.m2\repository\commons-validator\commons-validator\1.6\commons-validator-1.6.jar;C:\Users\rajashrees\.m2\repository\commons-beanutils\commons-beanutils\1.9.2\commons-beanutils-1.9.2.jar;C:\Users\rajashrees\.m2\repository\commons-digester\commons-digester\1.8.1\commons-digester-1.8.1.jar;C:\Users\rajashrees\.m2\repository\commons-collections\commons-collections\3.2.2\commons-collections-3.2.2.jar;C:\Users\rajashrees\.m2\repository\org\apache\commons\commons-lang3\3.9\commons-lang3-3.9.jar;C:\Users\rajashrees\.m2\repository\commons-io\commons-io\2.6\commons-io-2.6.jar;C:\Users\rajashrees\.m2\repository\org\springframework\spring-context\5.1.8.RELEASE\spring-context-5.1.8.RELEASE.jar;C:\Users\rajashrees\.m2\repository\org\springframework\spring-aop\5.1.8.RELEASE\spring-aop-5.1.8.RELEASE.jar;C:\Users\rajashrees\.m2\repository\org\springframework\spring-beans\5.1.8.RELEASE\spring-beans-5.1.8.RELEASE.jar;C:\Users\rajashrees\.m2\repository\org\springframework\spring-core\5.1.8.RELEASE\spring-core-5.1.8.RELEASE.jar;C:\Users\rajashrees\.m2\repository\org\springframework\spring-jcl\5.1.8.RELEASE\spring-jcl-5.1.8.RELEASE.jar;C:\Users\rajashrees\.m2\repository\org\springframework\spring-expression\5.1.8.RELEASE\spring-expression-5.1.8.RELEASE.jar;C:\Users\rajashrees\.m2\repository\org\aspectj\aspectjweaver\1.9.4\aspectjweaver-1.9.4.jar;C:\Users\rajashrees\.m2\repository\org\slf4j\slf4j-api\1.7.26\slf4j-api-1.7.26.jar;"/>
    <property name="java.vm.specification.version" value="17"/>
    <property name="sun.arch.data.model" value="64"/>
    <property name="sun.java.command" value="C:\Users\RAJASH~1\AppData\Local\Temp\surefirebooter14123102509397042485.jar C:\Users\RAJASH~1\AppData\Local\Temp\surefire13839185123423317598tmp C:\Users\RAJASH~1\AppData\Local\Temp\surefire4388006863597675176tmp"/>
    <property name="java.home" value="C:\Program Files\Java\jdk-17.0.4.1"/>
    <property name="user.language" value="en"/>
    <property name="java.specification.vendor" value="Oracle Corporation"/>
    <property name="java.vm.info" value="mixed mode, sharing"/>
    <property name="java.version" value="17.0.4.1"/>
    <property name="native.encoding" value="Cp1252"/>
    <property name="java.vendor" value="Oracle Corporation"/>
    <property name="localRepository" value="C:\Users\rajashrees\.m2\repository"/>
    <property name="file.separator" value="\"/>
    <property name="java.version.date" value="2022-08-18"/>
    <property name="java.vendor.url.bug" value="https://bugreport.java.com/bugreport/"/>
    <property name="sun.io.unicode.encoding" value="UnicodeLittle"/>
    <property name="sun.cpu.endian" value="little"/>
    <property name="sun.cpu.isalist" value="amd64"/>
  </properties>
  <testcase classname="com.Test.Notepad" name="setUp" time="0">
    <failure message="&apos;void com.google.common.base.Throwables.throwIfUnchecked(java.lang.Throwable)&apos;" type="java.lang.NoSuchMethodError">java.lang.NoSuchMethodError: &apos;void com.google.common.base.Throwables.throwIfUnchecked(java.lang.Throwable)&apos;
	at io.appium.java_client.remote.AppiumCommandExecutor.execute(AppiumCommandExecutor.java:253)
	at org.openqa.selenium.remote.RemoteWebDriver.execute(RemoteWebDriver.java:552)
	at io.appium.java_client.DefaultGenericMobileDriver.execute(DefaultGenericMobileDriver.java:41)
	at io.appium.java_client.AppiumDriver.execute(AppiumDriver.java:1)
	at io.appium.java_client.windows.WindowsDriver.execute(WindowsDriver.java:1)
	at org.openqa.selenium.remote.RemoteWebDriver.startSession(RemoteWebDriver.java:213)
	at io.appium.java_client.AppiumDriver.startSession(AppiumDriver.java:336)
	at org.openqa.selenium.remote.RemoteWebDriver.&lt;init&gt;(RemoteWebDriver.java:131)
	at io.appium.java_client.DefaultGenericMobileDriver.&lt;init&gt;(DefaultGenericMobileDriver.java:37)
	at io.appium.java_client.AppiumDriver.&lt;init&gt;(AppiumDriver.java:88)
	at io.appium.java_client.AppiumDriver.&lt;init&gt;(AppiumDriver.java:98)
	at io.appium.java_client.windows.WindowsDriver.&lt;init&gt;(WindowsDriver.java:42)
	at com.Test.Notepad.setUp(Notepad.java:51)
</failure>
  </testcase>
  <testcase classname="com.Test.Notepad" name="startWinAppDriver" time="0">
    <skipped/>
  </testcase>
  <testcase classname="com.Test.Notepad" name="cleanUp" time="0.001">
    <skipped/>
  </testcase>
  <testcase classname="com.Test.Notepad" name="setUp" time="0.002">
    <skipped/>
  </testcase>
  <testcase classname="com.Test.Notepad" name="checkHelpAboutNowTest" time="0">
    <skipped/>
  </testcase>
  <testcase classname="com.Test.Notepad" name="cleanUp" time="0">
    <skipped/>
  </testcase>
  <testcase classname="com.Test.Notepad" name="setUp" time="0">
    <skipped/>
  </testcase>
  <testcase classname="com.Test.Notepad" name="sendTextTest" time="0.001">
    <skipped/>
  </testcase>
  <testcase classname="com.Test.Notepad" name="cleanUp" time="0.001">
    <skipped/>
  </testcase>
  <testcase classname="com.Test.Notepad" name="setUp" time="0.001">
    <skipped/>
  </testcase>
  <testcase classname="com.Test.Notepad" name="EnterDateTimeTest" time="0">
    <skipped/>
  </testcase>
  <testcase classname="com.Test.Notepad" name="cleanUp" time="0">
    <skipped/>
  </testcase>
</testsuite>